<?xml version="1.0" encoding="UTF-8"?>
<!-- Generated by org.testng.reporters.JUnitXMLReporter -->
<testsuite hostname="HAH1W10BLR" ignored="0" name="Default test" tests="2" failures="0" timestamp="2021-07-29T12:19:43 IST" time="0.118" errors="0">
  <testcase name="@BeforeTest beforeTest" time="-1.627541383034E9" classname="sample.tests.parallel.ParallelSuiteTest">
    <failure type="org.testng.TestNGException" message="
Parameter &amp;apos;test-name&amp;apos; is required by BeforeTest on method beforeTest but has not been marked @Optional or defined
in C:\Users\hah1\AppData\Local\Temp\testng-eclipse-1816958031\testng-customsuite.xml">
      <![CDATA[org.testng.TestNGException: 
Parameter 'test-name' is required by BeforeTest on method beforeTest but has not been marked @Optional or defined
in C:\Users\hah1\AppData\Local\Temp\testng-eclipse-1816958031\testng-customsuite.xml
at org.testng.internal.Parameters.createParams(Parameters.java:270)
at org.testng.internal.Parameters.createParametersForMethod(Parameters.java:358)
at org.testng.internal.Parameters.createParameters(Parameters.java:700)
at org.testng.internal.Parameters.createConfigurationParameters(Parameters.java:168)
at org.testng.internal.ConfigInvoker.invokeConfigurations(ConfigInvoker.java:302)
at org.testng.TestRunner.invokeTestConfigurations(TestRunner.java:637)
at org.testng.TestRunner.beforeRun(TestRunner.java:627)
at org.testng.TestRunner.run(TestRunner.java:589)
at org.testng.SuiteRunner.runTest(SuiteRunner.java:377)
at org.testng.SuiteRunner.runSequentially(SuiteRunner.java:371)
at org.testng.SuiteRunner.privateRun(SuiteRunner.java:332)
at org.testng.SuiteRunner.run(SuiteRunner.java:276)
at org.testng.SuiteRunnerWorker.runSuite(SuiteRunnerWorker.java:53)
at org.testng.SuiteRunnerWorker.run(SuiteRunnerWorker.java:96)
at org.testng.TestNG.runSuitesSequentially(TestNG.java:1212)
at org.testng.TestNG.runSuitesLocally(TestNG.java:1134)
at org.testng.TestNG.runSuites(TestNG.java:1063)
at org.testng.TestNG.run(TestNG.java:1031)
at org.testng.remote.AbstractRemoteTestNG.run(AbstractRemoteTestNG.java:115)
at org.testng.remote.RemoteTestNG.initAndRun(RemoteTestNG.java:251)
at org.testng.remote.RemoteTestNG.main(RemoteTestNG.java:77)
]]>
    </failure>
  </testcase> <!-- @BeforeTest beforeTest -->
  <testcase name="@BeforeClass beforeClass" time="-1.62754138308E9" classname="sample.tests.parallel.ParallelSuiteTest">
    <skipped/>
  </testcase> <!-- @BeforeClass beforeClass -->
  <testcase name="@BeforeMethod beforeMethod" time="-1.627541383109E9" classname="sample.tests.parallel.ParallelSuiteTest">
    <skipped/>
  </testcase> <!-- @BeforeMethod beforeMethod -->
  <testcase name="@AfterMethod aftermethod" time="-1.62754138312E9" classname="sample.tests.parallel.ParallelSuiteTest">
    <skipped/>
  </testcase> <!-- @AfterMethod aftermethod -->
  <testcase name="@BeforeMethod beforeMethod" time="-1.627541383123E9" classname="sample.tests.parallel.ParallelSuiteTest">
    <skipped/>
  </testcase> <!-- @BeforeMethod beforeMethod -->
  <testcase name="@AfterMethod aftermethod" time="-1.627541383138E9" classname="sample.tests.parallel.ParallelSuiteTest">
    <skipped/>
  </testcase> <!-- @AfterMethod aftermethod -->
  <testcase name="@AfterClass afterClass" time="-1.627541383142E9" classname="sample.tests.parallel.ParallelSuiteTest">
    <skipped/>
  </testcase> <!-- @AfterClass afterClass -->
  <testcase name="@AfterTest afterTest" time="-1.627541383148E9" classname="sample.tests.parallel.ParallelSuiteTest">
    <skipped/>
  </testcase> <!-- @AfterTest afterTest -->
  <testcase name="testMethod" time="0.0" classname="sample.tests.parallel.ParallelSuiteTest">
    <skipped/>
  </testcase> <!-- testMethod -->
  <testcase name="testMethod10" time="0.0" classname="sample.tests.parallel.ParallelSuiteTest">
    <skipped/>
  </testcase> <!-- testMethod10 -->
</testsuite> <!-- Default test -->
