<?xml version="1.0" encoding="UTF-8"?>
<!-- Generated by org.testng.reporters.JUnitXMLReporter -->
<testsuite hostname="HAH1W10BLR" ignored="1" name="Test" tests="20" failures="1" timestamp="25 Jul 2018 06:11:43 GMT" time="109.276" errors="0">
  <testcase name="@AfterTest afterTest" time="0.0" classname="sample.tests.NewTest">
    <failure type="java.lang.NullPointerException">
      <![CDATA[java.lang.NullPointerException
at sample.tests.NewTest.afterTest(NewTest.java:91)
... Removed 24 stack frames]]>
    </failure>
  </testcase> <!-- @AfterTest afterTest -->
  <testcase name="@AfterTest afterTest" time="0.0" classname="sample.tests.TestAPHome">
    <skipped/>
  </testcase> <!-- @AfterTest afterTest -->
  <testcase name="@AfterTest afterTest" time="0.0" classname="sample.tests.TestGrouping">
    <skipped/>
  </testcase> <!-- @AfterTest afterTest -->
  <testcase name="croc" time="0.01" classname="sample.tests.TestGrouping"/>
  <testcase name="dog" time="0.0" classname="sample.tests.TestGrouping"/>
  <testcase name="testCase1" time="0.02" classname="sample.tests.TestSequencing"/>
  <testcase name="failTest" time="0.01" classname="sample.tests.ExtentReportsClassVersion3">
    <failure type="java.lang.AssertionError" message="expected [true] but found [false]">
      <![CDATA[java.lang.AssertionError: expected [true] but found [false]
at sample.tests.ExtentReportsClassVersion3.failTest(ExtentReportsClassVersion3.java:18)
at java.util.concurrent.ThreadPoolExecutor.runWorker(Unknown Source)
at java.util.concurrent.ThreadPoolExecutor$Worker.run(Unknown Source)
at java.lang.Thread.run(Unknown Source)
... Removed 14 stack frames]]>
    </failure>
  </testcase> <!-- failTest -->
  <testcase name="testCaseA" time="0.01" classname="sample.tests.TestSequencing"/>
  <testcase name="passTest" time="0.0" classname="sample.tests.ExtentReportsClassVersion3"/>
  <testcase name="dolphin" time="0.01" classname="sample.tests.TestGrouping"/>
  <testcase name="skipTest" time="0.01" classname="sample.tests.ExtentReportsClassVersion3">
    <skipped/>
  </testcase> <!-- skipTest -->
  <testcase name="elephant" time="0.001" classname="sample.tests.TestGrouping"/>
  <testcase name="frog" time="0.001" classname="sample.tests.TestGrouping"/>
  <testcase name="shark" time="0.003" classname="sample.tests.TestGrouping"/>
  <testcase name="openBrowser" time="5.48" classname="sample.tests.TestAPHome"/>
  <testcase name="instantiatebrowser" time="6.844" classname="sample.tests.TestDataProvider"/>
  <testcase name="instantiatebrowser" time="3.475" classname="sample.tests.TestDataProvider"/>
  <testcase name="TestAPTitle" time="14.315" classname="sample.tests.TestAPHome"/>
  <testcase name="highligtLogonButton" time="19.977" classname="sample.tests.TestAPHome"/>
  <testcase name="testFlash" time="2.935" classname="sample.tests.TestAPHome"/>
  <testcase name="testScroll" time="20.261" classname="sample.tests.TestAPHome"/>
  <testcase name="testStaleElementReferenceException" time="23.211" classname="sample.tests.TestAPHome"/>
  <testcase name="testheadless" time="23.04" classname="sample.tests.TestAPHome"/>
  <testcase name="qualificationTest" time="0.0" classname="sample.tests.TestDataProvider">
    <ignored/>
  </testcase> <!-- qualificationTest -->
</testsuite> <!-- Test -->
